app/build/outputs/logs/manifest-merger-debug-report.txt
-- Merging decision tree log ---
manifest
ADDED from src\main\AndroidManifest.xml:1:1-11:12
	xmlns:android
		ADDED from src\main\AndroidManifest.xml:1:11-69
	package
		ADDED from src\main\AndroidManifest.xml:2:2-37
		INJECTED from src\main\AndroidManifest.xml
		INJECTED from src\main\AndroidManifest.xml
application
ADDED from src\main\AndroidManifest.xml:3:2-10:16
activity#com.dcp.android.selection.GCMenuProblem1
ADDED from src\main\AndroidManifest.xml:4:3-9:14
	android:label
		ADDED from src\main\AndroidManifest.xml:4:44-72
	android:name
		ADDED from src\main\AndroidManifest.xml:4:13-43
intent-filter#android.intent.action.MAIN+android.intent.category.LAUNCHER
ADDED from src\main\AndroidManifest.xml:5:4-8:20
action#android.intent.action.MAIN
ADDED from src\main\AndroidManifest.xml:6:5-57
	android:name
		ADDED from src\main\AndroidManifest.xml:6:13-54
category#android.intent.category.LAUNCHER
ADDED from src\main\AndroidManifest.xml:7:5-65
	android:name
		ADDED from src\main\AndroidManifest.xml:7:15-62